JvmtiExport can_access_local_variables 0
JvmtiExport can_hotswap_or_post_breakpoint 0
JvmtiExport can_post_on_exceptions 0
# 164 ciObject found
ciMethod java/lang/Object <init> ()V 4097 1 1826730 0 0
ciMethod java/lang/String length ()I 4097 1 443762 0 0
ciMethod java/lang/String charAt (I)C 4097 1 2450153 0 128
ciMethod java/lang/String equals (Ljava/lang/Object;)Z 2241 11673 2704 0 -1
ciMethod java/lang/String hashCode ()I 2769 32769 1129 0 -1
ciMethod java/lang/System arraycopy (Ljava/lang/Object;ILjava/lang/Object;II)V 5121 1 640 0 -1
ciMethodData java/lang/Object <init> ()V 2 1826745 orig 264 72 34 204 111 0 0 0 0 128 4 19 21 0 0 0 0 32 1 0 0 0 0 0 0 0 0 0 0 0 0 0 0 0 0 0 0 0 0 0 0 0 0 0 0 0 0 0 0 0 0 0 0 0 0 0 0 0 0 0 0 0 0 0 0 0 0 0 0 0 0 0 0 0 0 0 0 0 0 0 0 77 68 79 32 101 120 116 114 97 32 100 97 116 97 32 108 111 99 107 0 0 0 0 0 0 0 0 0 0 0 0 0 0 0 0 0 0 0 0 0 0 0 0 0 0 0 0 0 0 0 0 0 0 0 0 0 0 0 0 0 0 0 0 0 0 0 0 0 0 0 0 0 0 0 0 0 0 0 0 0 0 0 0 0 0 0 0 0 0 0 0 0 0 0 0 0 0 0 0 0 0 0 0 0 1 0 0 0 0 0 0 0 1 0 0 0 0 0 0 0 1 0 0 0 0 0 0 0 0 0 0 0 0 0 0 0 0 2 0 0 201 237 222 0 1 0 0 0 0 0 0 0 0 0 0 0 2 0 0 0 0 0 3 0 1 0 0 0 0 0 0 0 255 255 255 255 0 0 0 0 0 0 0 0 data 0 oops 0
ciMethodData java/lang/String charAt (I)C 2 2450153 orig 264 72 34 204 111 0 0 0 0 104 61 19 21 0 0 0 0 120 1 0 0 32 0 0 0 0 0 0 0 0 0 0 0 0 0 0 0 0 0 0 0 0 0 0 0 0 0 0 0 0 0 0 0 0 0 0 0 0 0 0 0 0 0 0 0 0 0 0 0 0 0 0 0 0 0 0 0 0 0 0 0 77 68 79 32 101 120 116 114 97 32 100 97 116 97 32 108 111 99 107 0 0 0 0 0 0 0 0 0 0 0 0 0 0 0 0 0 0 0 0 0 0 0 0 0 0 0 0 0 0 0 0 0 0 0 0 0 0 0 0 0 0 0 0 0 0 0 0 0 0 0 0 0 0 0 0 0 0 0 0 0 0 0 0 1 0 0 0 0 0 0 0 0 0 0 0 0 0 0 0 0 0 0 0 0 25 0 0 0 0 0 0 0 0 0 0 0 0 0 0 0 1 0 0 0 0 0 0 0 0 0 0 0 0 0 0 0 0 2 0 0 73 7 43 1 1 0 0 0 0 0 0 0 0 0 0 0 2 0 0 0 0 0 8 0 2 0 0 0 80 0 0 0 255 255 255 255 7 0 1 0 0 0 0 0 data 10 0x10007 0x0 0x40 0x2560eb 0xa0007 0x2560eb 0x30 0x0 0x120002 0x0 oops 0
ciMethodData java/lang/String length ()I 2 443762 orig 264 72 34 204 111 0 0 0 0 24 60 19 21 0 0 0 0 32 1 0 0 0 0 0 0 0 0 0 0 0 0 0 0 0 0 0 0 0 0 0 0 0 0 0 0 0 0 0 0 0 0 0 0 0 0 0 0 0 0 0 0 0 0 0 0 0 0 0 0 0 0 0 0 0 0 0 0 0 0 0 0 77 68 79 32 101 120 116 114 97 32 100 97 116 97 32 108 111 99 107 0 0 0 0 0 0 0 0 0 0 0 0 0 0 0 0 0 0 0 0 0 0 0 0 0 0 0 0 0 0 0 0 0 0 0 0 0 0 0 0 0 0 0 0 0 0 0 0 0 0 0 0 0 0 0 0 0 0 0 0 0 0 0 0 0 0 0 0 0 0 0 0 0 0 0 0 0 0 0 0 0 0 0 0 0 1 0 0 0 0 0 0 0 0 0 0 0 0 0 0 0 1 0 0 0 0 0 0 0 0 0 0 0 0 0 0 0 0 2 0 0 145 27 54 0 1 0 0 0 0 0 0 0 0 0 0 0 2 0 0 0 0 0 3 0 1 0 0 0 0 0 0 0 255 255 255 255 0 0 0 0 0 0 0 0 data 0 oops 0
ciMethod org/objectweb/asm/ClassWriter newUTF8 (Ljava/lang/String;)I 851969 1 122885 0 0
ciMethod org/objectweb/asm/ClassWriter get (Lorg/objectweb/asm/Item;)Lorg/objectweb/asm/Item; 2089 417 5381 0 224
ciMethod org/objectweb/asm/ClassWriter put (Lorg/objectweb/asm/Item;)V 2049 1 6428 0 832
ciMethod org/objectweb/asm/AnnotationWriter visitEnd ()V 3073 1 8180 0 0
ciMethod org/objectweb/asm/AnnotationWriter getSize ()I 105 9857 3640 0 -1
ciMethod org/objectweb/asm/AnnotationWriter put (Lorg/objectweb/asm/ByteVector;)V 161 337 1814 0 0
ciMethod org/objectweb/asm/AnnotationWriter put ([Lorg/objectweb/asm/AnnotationWriter;ILorg/objectweb/asm/ByteVector;)V 5921 45057 997 0 0
ciMethod org/objectweb/asm/MethodWriter put (Lorg/objectweb/asm/ByteVector;)V 3073 1 30093 0 -1
ciMethod org/objectweb/asm/ByteVector putByte (I)Lorg/objectweb/asm/ByteVector; 2049 1 6400 0 224
ciMethod org/objectweb/asm/ByteVector putShort (I)Lorg/objectweb/asm/ByteVector; 2049 1 5376 0 320
ciMethod org/objectweb/asm/ByteVector putInt (I)Lorg/objectweb/asm/ByteVector; 425985 1 59482 0 0
ciMethod org/objectweb/asm/ByteVector putUTF8 (Ljava/lang/String;)Lorg/objectweb/asm/ByteVector; 809 24577 2041 0 1216
ciMethod org/objectweb/asm/ByteVector encodeUTF8 (Ljava/lang/String;II)Lorg/objectweb/asm/ByteVector; 1 1 7 0 0
ciMethod org/objectweb/asm/ByteVector putByteArray ([BII)Lorg/objectweb/asm/ByteVector; 2169 1 5420 0 288
ciMethod org/objectweb/asm/ByteVector enlarge (I)V 89 1 10809 0 0
ciMethod org/objectweb/asm/Item <init> (ILorg/objectweb/asm/Item;)V 2049 1 5444 0 128
ciMethod org/objectweb/asm/Item set (ILjava/lang/String;Ljava/lang/String;Ljava/lang/String;)V 2153 1 6171 0 2080
ciMethod org/objectweb/asm/Item isEqualTo (Lorg/objectweb/asm/Item;)Z 1145 1 7472 0 -1
ciMethodData org/objectweb/asm/ClassWriter get (Lorg/objectweb/asm/Item;)Lorg/objectweb/asm/Item; 2 5381 orig 264 72 34 204 111 0 0 0 0 80 118 112 21 0 0 0 0 248 1 0 0 112 0 0 0 0 0 0 0 0 0 0 0 0 0 0 0 0 0 0 0 0 0 0 0 0 0 0 0 0 0 0 0 0 0 0 0 0 0 0 0 0 0 0 0 0 0 0 0 0 0 0 0 0 0 0 0 0 0 0 0 77 68 79 32 101 120 116 114 97 32 100 97 116 97 32 108 111 99 107 0 0 0 0 0 0 0 0 0 0 0 0 0 0 0 0 0 0 0 0 0 0 0 0 0 0 0 0 0 0 0 0 0 0 0 0 0 0 0 0 0 0 0 0 0 0 0 0 0 0 0 0 0 0 0 0 0 0 0 0 0 0 0 0 0 0 0 0 0 0 0 0 0 0 0 0 0 0 0 0 0 0 0 0 0 17 0 0 0 0 0 0 0 0 0 0 0 0 0 0 0 1 0 0 0 0 0 0 0 0 0 0 0 0 0 0 0 4 1 0 0 1 160 0 0 233 39 0 0 0 0 0 0 0 0 0 0 2 0 0 0 1 0 12 0 2 0 0 0 168 0 0 0 255 255 255 255 7 0 17 0 0 0 0 0 data 21 0x110007 0x787 0xa8 0x1176 0x1c0007 0x412 0x70 0xd64 0x210005 0xc 0x1bd532b0 0xd58 0x0 0x0 0x240007 0xc79 0x38 0xeb 0x2c0003 0x4fd 0xffffffffffffff70 oops 1 10 org/objectweb/asm/Item
ciMethodData org/objectweb/asm/Item isEqualTo (Lorg/objectweb/asm/Item;)Z 2 7472 orig 264 72 34 204 111 0 0 0 0 144 169 248 25 0 0 0 0 48 7 0 0 192 4 0 0 0 0 0 0 0 0 0 0 0 0 0 0 0 0 0 0 0 0 0 0 0 0 0 0 0 0 0 0 0 0 0 0 0 0 0 0 0 0 0 0 0 0 0 0 0 0 0 0 0 0 0 0 0 0 0 0 77 68 79 32 101 120 116 114 97 32 100 97 116 97 32 108 111 99 107 0 0 0 0 0 0 0 0 0 0 0 0 0 0 0 0 0 0 0 0 0 0 0 0 0 0 0 0 0 0 0 0 0 0 0 0 0 0 0 0 0 0 0 0 0 0 0 0 0 0 0 0 0 0 0 0 0 0 0 0 0 0 0 0 0 0 0 0 0 0 0 0 0 0 0 0 0 0 0 0 0 0 0 0 0 0 0 0 0 0 0 0 0 0 0 0 0 0 0 0 0 0 0 0 0 0 0 0 0 0 0 0 0 0 0 0 0 143 0 0 0 9 229 0 0 1 0 0 0 0 0 0 0 0 0 0 0 2 0 0 0 0 0 48 0 2 0 0 0 224 5 0 0 255 255 255 255 8 0 4 0 0 0 0 0 data 188 0x40008 0x42 0x0 0x4d8 0x27 0x220 0x0 0x4d8 0x0 0x288 0x0 0x288 0x0 0x250 0x0 0x250 0x22 0x220 0x0 0x220 0x6 0x4d8 0x7 0x4d8 0x2 0x4d8 0x2 0x348 0x0 0x4d8 0x0 0x4d8 0x0 0x4d8 0x0 0x220 0x0 0x4d8 0x0 0x400 0x0 0x4d8 0x0 0x4d8 0x0 0x4d8 0x0 0x4d8 0x0 0x4d8 0x0 0x4d8 0x0 0x4d8 0x0 0x4d8 0x0 0x4d8 0x0 0x4d8 0x0 0x4d8 0x27 0x220 0x0 0x2c0 0x0 0x250 0x9c0005 0x70 0x23325b0 0x1807 0x0 0x0 0xa90007 0x0 0x38 0x0 0xad0003 0x0 0x18 0xba0007 0x0 0x38 0xe 0xbe0003 0xe 0x18 0xcb0007 0x0 0x88 0x0 0xd60005 0x0 0x0 0x0 0x0 0x0 0xd90007 0x0 0x38 0x0 0xdd0003 0x0 0x18 0xea0005 0x2 0x23325b0 0x59 0x0 0x0 0xed0007 0x29 0x88 0x32 0xf80005 0x2 0x23325b0 0x30 0x0 0x0 0xfb0007 0x4 0x38 0x2e 0xff0003 0x2e 0x18 0x10d0007 0x0 0xd8 0x0 0x1180005 0x0 0x0 0x0 0x0 0x0 0x11b0007 0x0 0x88 0x0 0x1260005 0x0 0x0 0x0 0x0 0x0 0x1290007 0x0 0x38 0x0 0x12d0003 0x0 0x18 0x13a0005 0xf 0x23325b0 0x3b2 0x0 0x0 0x13d0007 0x1f 0xd8 0x3a2 0x1480005 0xe 0x23325b0 0x394 0x0 0x0 0x14b0007 0x23 0x88 0x37f 0x1560005 0xd 0x23325b0 0x372 0x0 0x0 0x1590007 0x7 0x38 0x378 0x15d0003 0x378 0x18 oops 6 70 java/lang/String 107 java/lang/String 117 java/lang/String 157 java/lang/String 167 java/lang/String 177 java/lang/String
ciMethodData org/objectweb/asm/Item set (ILjava/lang/String;Ljava/lang/String;Ljava/lang/String;)V 2 6171 orig 264 72 34 204 111 0 0 0 0 176 165 248 25 0 0 0 0 8 3 0 0 224 0 0 0 0 0 0 0 0 0 0 0 0 0 0 0 0 0 0 0 0 0 0 0 0 0 0 0 0 0 0 0 0 0 0 0 0 0 0 0 0 0 0 0 0 0 0 0 0 0 0 0 0 0 0 0 0 0 0 0 77 68 79 32 101 120 116 114 97 32 100 97 116 97 32 108 111 99 107 0 0 0 0 0 0 0 0 0 0 0 0 0 0 0 0 0 0 0 0 0 0 0 0 0 0 0 0 0 0 0 0 0 0 0 0 0 0 0 0 0 0 0 0 0 0 0 0 0 0 0 0 0 0 0 0 0 0 0 0 0 0 0 0 0 0 0 0 0 0 0 0 0 0 0 0 0 0 0 0 0 0 0 0 0 17 0 0 0 0 0 0 0 0 0 0 0 0 0 0 0 1 0 0 0 0 0 0 0 0 0 0 0 0 0 0 0 13 1 0 0 113 184 0 0 1 0 0 0 0 0 0 0 0 0 0 0 2 0 0 0 0 0 8 0 2 0 0 0 160 1 0 0 255 255 255 255 8 0 22 0 0 0 0 0 data 52 0x160008 0xe 0x0 0x110 0x0 0x80 0x0 0x80 0x0 0x80 0x0 0xb0 0x0 0x80 0x0 0x80 0x5a0005 0x0 0x23325b0 0x1243 0x0 0x0 0x680005 0x0 0x23325b0 0x159 0x0 0x0 0x6c0005 0x0 0x23325b0 0x159 0x0 0x0 0x7b0005 0x0 0x23325b0 0x372 0x0 0x0 0x7f0005 0x0 0x23325b0 0x372 0x0 0x0 0x850005 0x0 0x23325b0 0x372 0x0 0x0 oops 6 18 java/lang/String 24 java/lang/String 30 java/lang/String 36 java/lang/String 42 java/lang/String 48 java/lang/String
ciMethodData org/objectweb/asm/ByteVector putUTF8 (Ljava/lang/String;)Lorg/objectweb/asm/ByteVector; 2 53681 orig 264 72 34 204 111 0 0 0 0 144 148 248 25 0 0 0 0 208 2 0 0 0 1 0 0 0 0 0 0 0 0 0 0 0 0 0 0 0 0 0 0 0 0 0 0 0 0 0 0 0 0 0 0 0 0 0 0 0 0 0 0 0 0 0 0 0 0 0 0 0 0 0 0 0 0 0 0 0 0 0 0 77 68 79 32 101 120 116 114 97 32 100 97 116 97 32 108 111 99 107 0 0 0 0 0 0 0 0 0 0 0 0 0 0 0 0 0 0 0 0 0 0 0 0 0 0 0 0 0 0 0 0 0 0 0 0 0 0 0 0 0 0 0 0 0 1 0 0 0 0 0 0 0 0 0 0 0 0 0 0 0 0 0 0 0 0 0 0 0 0 0 0 0 0 0 0 0 0 0 0 3 0 0 0 0 0 0 0 0 0 0 0 0 0 0 0 0 0 0 0 0 0 0 0 0 0 0 0 0 0 0 0 0 0 0 0 0 0 12 0 0 161 60 0 0 137 45 6 0 148 7 0 0 177 197 0 0 2 0 0 0 1 0 23 0 2 0 0 0 128 1 0 0 255 255 255 255 5 0 1 0 0 0 0 0 data 48 0x10005 0x24 0x23325b0 0x770 0x0 0x0 0x80007 0x794 0x30 0x0 0xf0002 0x0 0x220007 0x754 0x30 0x40 0x290002 0x40 0x4d0007 0x793 0xf0 0xc5a4 0x530005 0x416 0x23325b0 0xc18e 0x0 0x0 0x5be007 0x3 0x58 0xc5a3 0x62e007 0x1 0x38 0xc5a3 0x6f0003 0xc5a3 0x48 0x7d0005 0x0 0x1834ce30 0x4 0x0 0x0 0x840003 0xc5a3 0xffffffffffffff28 oops 3 2 java/lang/String 24 java/lang/String 41 org/objectweb/asm/ByteVector
ciMethodData org/objectweb/asm/ByteVector enlarge (I)V 2 11624 orig 264 72 34 204 111 0 0 0 0 40 153 248 25 0 0 0 0 152 1 0 0 32 0 0 0 0 0 0 0 0 0 0 0 0 0 0 0 0 0 0 0 0 0 0 0 0 0 0 0 0 0 0 0 0 0 0 0 0 0 0 0 0 0 0 0 0 0 0 0 0 0 0 0 0 0 0 0 0 0 0 0 77 68 79 32 101 120 116 114 97 32 100 97 116 97 32 108 111 99 107 0 0 0 0 0 0 0 0 0 0 0 0 0 0 0 0 0 0 0 0 0 0 0 0 0 0 0 0 0 0 0 0 0 0 0 0 0 0 0 0 0 0 0 0 0 0 0 0 0 0 0 0 0 0 0 0 0 0 0 0 0 0 0 0 0 0 0 0 0 0 0 0 0 0 0 0 0 0 0 0 0 0 0 0 0 25 0 0 0 0 0 0 0 0 0 0 0 0 0 0 0 1 0 0 0 0 0 0 0 0 0 0 0 0 0 0 0 11 0 0 0 233 106 1 0 1 0 0 0 0 0 0 0 0 0 0 0 2 0 0 0 0 0 6 0 2 0 0 0 72 0 0 0 255 255 255 255 7 0 17 0 0 0 0 0 data 9 0x110007 0x6c 0x38 0x2cf1 0x150003 0x2cf1 0x18 0x290002 0x2d5d oops 0
ciMethodData org/objectweb/asm/ByteVector encodeUTF8 (Ljava/lang/String;II)Lorg/objectweb/asm/ByteVector; 1 6963 orig 264 72 34 204 111 0 0 0 0 40 151 248 25 0 0 0 0 0 4 0 0 152 1 0 0 0 0 0 0 0 0 0 0 0 0 0 0 0 0 0 0 0 0 0 0 0 0 0 0 0 0 0 0 0 0 0 0 0 0 0 0 0 0 0 0 0 0 0 0 0 0 0 0 0 0 0 0 0 0 0 0 77 68 79 32 101 120 116 114 97 32 100 97 116 97 32 108 111 99 107 0 0 0 0 0 0 0 0 0 0 0 0 0 0 0 0 0 0 0 0 0 0 0 0 0 0 0 0 0 0 0 0 0 0 0 0 0 0 0 0 0 0 0 0 0 0 0 0 0 0 0 0 0 0 0 0 0 0 0 0 0 0 0 0 0 0 0 0 0 0 0 0 0 0 0 0 0 0 0 0 0 0 0 0 0 0 0 0 0 0 0 0 0 0 0 0 0 0 0 0 0 0 0 0 0 0 0 0 0 0 0 0 0 0 0 0 0 0 0 0 0 57 0 0 0 153 217 0 0 0 0 0 0 0 0 0 0 2 0 0 0 0 0 0 0 0 0 0 0 160 2 0 0 255 255 255 255 5 0 1 0 0 0 0 0 data 84 0x10005 0x7 0x0 0x0 0x0 0x0 0x100007 0x7 0xf8 0xd9a 0x160005 0xd9a 0x0 0x0 0x0 0x0 0x1e0007 0x30 0x58 0xd6a 0x250007 0x195 0x38 0xbd5 0x2b0003 0xbd5 0x50 0x330007 0x111 0x38 0xb4 0x390003 0xb4 0x18 0x420003 0xd9a 0xffffffffffffff20 0x480007 0x7 0x30 0x0 0x4f0002 0x0 0x5f0007 0x0 0x20 0x7 0x890007 0x6 0x30 0x1 0x910002 0x1 0xa10007 0x7 0xf8 0xd9a 0xa70005 0xd9a 0x0 0x0 0x0 0x0 0xaf0007 0x30 0x58 0xd6a 0xb60007 0x195 0x38 0xbd5 0xc60003 0xbd5 0x50 0xce0007 0x111 0x38 0xb4 0x1130003 0xb4 0x18 0x1440003 0xd9a 0xffffffffffffff20 oops 0
ciMethodData org/objectweb/asm/ByteVector putShort (I)Lorg/objectweb/asm/ByteVector; 2 5376 orig 264 72 34 204 111 0 0 0 0 104 143 248 25 0 0 0 0 88 1 0 0 0 0 0 0 0 0 0 0 0 0 0 0 0 0 0 0 0 0 0 0 0 0 0 0 0 0 0 0 0 0 0 0 0 0 0 0 0 0 0 0 0 0 0 0 0 0 0 0 0 0 0 0 0 0 0 0 0 0 0 0 77 68 79 32 101 120 116 114 97 32 100 97 116 97 32 108 111 99 107 0 0 0 0 0 0 0 0 0 0 0 0 0 0 0 0 0 0 0 0 0 0 0 0 0 0 0 0 0 0 0 0 0 0 0 0 0 0 0 0 0 0 0 0 0 0 0 0 0 0 0 0 0 0 0 0 0 0 0 0 0 0 0 0 0 0 0 0 0 0 0 0 0 0 0 0 0 0 0 0 0 0 0 0 0 19 0 0 0 0 0 0 0 0 0 0 0 0 0 0 0 1 0 0 0 0 0 0 0 1 0 0 0 0 0 0 0 0 1 0 0 1 160 0 0 1 0 0 0 0 0 0 0 0 0 0 0 2 0 0 0 0 0 6 0 2 0 0 0 48 0 0 0 255 255 255 255 7 0 13 0 0 0 0 0 data 6 0xd0007 0x13f8 0x30 0x8 0x120002 0x8 oops 0
ciMethodData org/objectweb/asm/ByteVector putByte (I)Lorg/objectweb/asm/ByteVector; 2 6400 orig 264 72 34 204 111 0 0 0 0 96 141 248 25 0 0 0 0 88 1 0 0 0 0 0 0 0 0 0 0 0 0 0 0 0 0 0 0 0 0 0 0 0 0 0 0 0 0 0 0 0 0 0 0 0 0 0 0 0 0 0 0 0 0 0 0 0 0 0 0 0 0 0 0 0 0 0 0 0 0 0 0 77 68 79 32 101 120 116 114 97 32 100 97 116 97 32 108 111 99 107 0 0 0 0 0 0 0 0 0 0 0 0 0 0 0 0 0 0 0 0 0 0 0 0 0 0 0 0 0 0 0 0 0 0 0 0 0 0 0 0 0 0 0 0 0 0 0 0 0 0 0 0 0 0 0 0 0 0 0 0 0 0 0 0 0 0 0 0 0 0 0 0 0 0 0 0 0 0 0 0 0 0 0 0 0 0 0 0 0 0 0 0 0 0 0 0 0 0 0 0 0 0 0 0 0 0 0 0 0 0 0 0 0 0 0 0 0 0 1 0 0 1 192 0 0 1 0 0 0 0 0 0 0 0 0 0 0 2 0 0 0 0 0 6 0 2 0 0 0 48 0 0 0 255 255 255 255 7 0 13 0 0 0 0 0 data 6 0xd0007 0x17fb 0x30 0x5 0x120002 0x5 oops 0
ciMethodData org/objectweb/asm/Item <init> (ILorg/objectweb/asm/Item;)V 2 5444 orig 264 72 34 204 111 0 0 0 0 32 161 248 25 0 0 0 0 64 1 0 0 0 0 0 0 0 0 0 0 0 0 0 0 0 0 0 0 0 0 0 0 0 0 0 0 0 0 0 0 0 0 0 0 0 0 0 0 0 0 0 0 0 0 0 0 0 0 0 0 0 0 0 0 0 0 0 0 0 0 0 0 77 68 79 32 101 120 116 114 97 32 100 97 116 97 32 108 111 99 107 0 0 0 0 0 0 0 0 0 0 0 0 0 0 0 0 0 0 0 0 0 0 0 0 0 0 0 0 0 0 0 0 0 0 0 0 0 0 0 0 0 0 0 0 0 0 0 0 0 0 0 0 0 0 0 0 0 0 0 0 0 0 0 0 0 0 0 0 0 0 0 0 0 0 0 0 0 0 0 0 0 0 0 0 0 0 0 0 0 0 0 0 0 0 0 0 0 0 0 0 0 0 0 0 0 0 0 0 0 0 0 0 0 0 0 0 0 0 1 0 0 33 162 0 0 1 0 0 0 0 0 0 0 0 0 0 0 2 0 0 0 0 0 3 0 2 0 0 0 16 0 0 0 255 255 255 255 2 0 1 0 0 0 0 0 data 2 0x10002 0x1444 oops 0
ciMethodData org/objectweb/asm/ClassWriter put (Lorg/objectweb/asm/Item;)V 2 10764 orig 264 72 34 204 111 0 0 0 0 8 120 112 21 0 0 0 0 64 2 0 0 0 0 0 0 0 0 0 0 0 0 0 0 0 0 0 0 0 0 0 0 0 0 0 0 0 0 0 0 0 0 0 0 0 0 0 0 0 0 0 0 0 0 0 0 0 0 0 0 0 0 0 0 0 0 0 0 0 0 0 0 77 68 79 32 101 120 116 114 97 32 100 97 116 97 32 108 111 99 107 0 0 0 0 0 0 0 0 0 0 0 0 0 0 0 0 0 0 0 0 0 0 0 0 0 0 0 0 0 0 0 0 0 0 0 0 0 0 0 0 0 0 0 0 0 0 0 0 0 0 0 0 0 0 0 0 0 0 0 0 0 0 0 0 0 0 0 0 0 0 0 0 0 0 0 0 0 0 0 0 0 0 0 0 0 0 0 0 0 0 0 0 0 0 0 0 0 0 0 0 0 0 0 0 0 0 0 0 0 0 0 0 0 0 0 0 0 0 1 0 0 225 192 0 0 97 80 1 0 0 0 0 0 0 0 0 0 2 0 0 0 2 0 12 0 2 0 0 0 240 0 0 0 255 255 255 255 7 0 13 0 0 0 0 0 data 30 0xd0007 0x1808 0xc0 0x14 0x290007 0x14 0xa0 0x1804 0x370007 0x1804 0x68 0x1208 0x5c0004 0x0 0x1bd532b0 0x1208 0x0 0x0 0x610003 0x1208 0xffffffffffffffb0 0x670003 0x1804 0xffffffffffffff78 0x960004 0x0 0x1bd532b0 0x181c 0x0 0x0 oops 2 14 org/objectweb/asm/Item 26 org/objectweb/asm/Item
ciMethodData org/objectweb/asm/ClassWriter newUTF8 (Ljava/lang/String;)I 2 123799 orig 264 72 34 204 111 0 0 0 0 216 89 112 21 0 0 0 0 48 2 0 0 144 0 0 0 0 0 0 0 0 0 0 0 0 0 0 0 0 0 0 0 0 0 0 0 0 0 0 0 0 0 0 0 0 0 0 0 0 0 0 0 0 0 0 0 0 0 0 0 0 0 0 0 0 0 0 0 0 0 0 0 77 68 79 32 101 120 116 114 97 32 100 97 116 97 32 108 111 99 107 0 0 0 0 0 0 0 0 0 0 0 0 0 0 0 0 0 0 0 0 0 0 0 0 0 0 0 0 0 0 0 0 0 0 0 0 0 0 0 0 0 0 0 0 0 2 0 0 0 0 0 0 0 0 0 0 0 0 0 0 0 0 0 0 0 0 0 0 0 0 0 0 0 0 0 0 0 0 0 0 0 0 0 0 0 25 0 0 0 0 0 0 0 0 0 0 0 0 0 0 0 0 0 0 0 0 0 0 0 0 0 0 0 0 0 0 0 0 1 0 0 185 28 2 0 1 0 0 0 0 48 0 0 0 0 0 0 2 0 0 0 0 0 6 0 2 0 0 0 224 0 0 0 255 255 255 255 5 0 8 0 0 0 0 0 data 28 0x80005 0xef 0x1bd532b0 0x42a8 0x0 0x0 0x100002 0x4397 0x150007 0x2724 0xa0 0x1c73 0x1d0005 0x0 0x1834ce30 0x1c73 0x0 0x0 0x210005 0x0 0x1834ce30 0x1c73 0x0 0x0 0x380002 0x1c75 0x3e0002 0x1c75 oops 3 2 org/objectweb/asm/Item 14 org/objectweb/asm/ByteVector 20 org/objectweb/asm/ByteVector
ciMethodData org/objectweb/asm/ByteVector putInt (I)Lorg/objectweb/asm/ByteVector; 2 60069 orig 264 72 34 204 111 0 0 0 0 152 145 248 25 0 0 0 0 96 1 0 0 0 0 0 0 0 0 0 0 0 0 0 0 0 0 0 0 0 0 0 0 0 0 0 0 0 0 0 0 0 0 0 0 0 0 0 0 0 0 0 0 0 0 0 0 0 0 0 0 0 0 0 0 0 0 0 0 0 0 0 0 77 68 79 32 101 120 116 114 97 32 100 97 116 97 32 108 111 99 107 0 0 0 0 0 0 0 0 0 0 0 0 0 0 0 0 0 0 0 0 0 0 0 0 0 0 0 0 0 0 0 0 0 0 0 0 0 0 0 0 0 0 0 0 0 1 0 0 0 0 0 0 0 0 0 0 0 0 0 0 0 0 0 0 0 0 0 0 0 0 0 0 0 0 0 0 0 0 0 0 1 0 0 0 0 0 0 0 0 0 0 0 0 0 0 0 0 0 0 0 0 0 0 0 0 0 0 0 0 0 0 0 0 0 0 0 0 82 1 0 0 41 213 0 0 1 0 0 0 53 20 0 0 0 0 0 0 2 0 0 0 0 0 6 0 2 0 0 0 48 0 0 0 255 255 255 255 7 224 13 0 0 0 0 0 data 6 0xde007 0x1aa4 0x30 0x2 0x120002 0x2 oops 0
ciMethodData org/objectweb/asm/ByteVector putByteArray ([BII)Lorg/objectweb/asm/ByteVector; 2 5420 orig 264 72 34 204 111 0 0 0 0 32 152 248 25 0 0 0 0 192 1 0 0 32 0 0 0 0 0 0 0 0 0 0 0 0 0 0 0 0 0 0 0 0 0 0 0 0 0 0 0 0 0 0 0 0 0 0 0 0 0 0 0 0 0 0 0 0 0 0 0 0 0 0 0 0 0 0 0 0 0 0 0 77 68 79 32 101 120 116 114 97 32 100 97 116 97 32 108 111 99 107 0 0 0 0 0 0 0 0 0 0 0 0 0 0 0 0 0 0 0 0 0 0 0 0 0 0 0 0 0 0 0 0 0 0 0 0 0 0 0 0 0 0 0 0 0 0 0 0 0 0 0 0 0 0 0 0 0 0 0 0 0 0 0 0 0 0 0 0 0 0 0 0 0 0 0 0 0 0 0 0 0 0 0 0 0 0 0 0 0 0 0 0 0 0 0 0 0 0 0 0 0 0 0 0 0 0 0 0 0 0 0 0 0 0 0 0 0 15 1 0 0 233 160 0 0 1 0 0 0 0 0 0 0 0 0 0 0 2 0 0 0 0 0 9 0 2 0 0 0 96 0 0 0 255 255 255 255 7 0 11 0 0 0 0 0 data 12 0xb0007 0x141d 0x30 0x0 0x100002 0x0 0x140007 0x0 0x30 0x141d 0x220002 0x141d oops 0
ciMethod org/objectweb/asm/Attribute getCount ()I 0 0 1 0 -1
ciMethod org/objectweb/asm/Attribute getSize (Lorg/objectweb/asm/ClassWriter;[BIII)I 0 0 1 0 -1
ciMethod org/objectweb/asm/Attribute put (Lorg/objectweb/asm/ClassWriter;[BIIILorg/objectweb/asm/ByteVector;)V 0 0 1 0 -1
ciMethodData org/objectweb/asm/MethodWriter put (Lorg/objectweb/asm/ByteVector;)V 2 30093 orig 264 72 34 204 111 0 0 0 0 128 73 248 25 0 0 0 0 184 26 0 0 192 24 0 0 0 0 0 0 0 0 0 0 0 0 0 0 0 0 0 0 0 0 0 0 0 0 0 0 0 0 0 0 0 0 0 0 0 0 0 0 0 0 0 0 0 0 0 0 0 0 0 0 0 0 0 0 0 0 0 0 77 68 79 32 101 120 116 114 97 32 100 97 116 97 32 108 111 99 107 0 0 0 0 0 0 0 0 0 0 0 0 0 0 0 0 0 0 0 0 0 0 0 0 0 0 0 0 0 0 0 0 0 0 0 0 0 0 0 0 0 0 0 0 0 0 0 0 0 0 0 0 0 0 0 0 0 0 0 0 0 0 0 0 0 0 0 0 0 0 0 0 0 0 0 0 0 0 0 0 0 0 0 0 0 0 0 0 0 0 0 0 0 0 0 0 0 0 0 0 0 0 0 0 0 0 0 0 0 0 0 0 0 0 0 0 0 128 1 0 0 105 160 3 0 49 118 0 0 0 0 0 0 0 0 0 0 2 0 0 0 4 0 184 0 2 0 0 0 32 25 0 0 255 255 255 255 5 0 26 0 0 0 0 0 data 804 0x1a0005 0x0 0x1834ce30 0x740d 0x0 0x0 0x210005 0x0 0x1834ce30 0x740d 0x0 0x0 0x280005 0x0 0x1834ce30 0x740d 0x0 0x0 0x300007 0x740d 0x50 0x0 0x460005 0x0 0x0 0x0 0x0 0x0 0x550007 0x1102 0x20 0x630b 0x5f0007 0x6711 0x20 0xcfc 0x6d0007 0x6a98 0x60 0x975 0x7c0007 0x0 0x40 0x975 0x860007 0x975 0x20 0x0 0x930007 0x728b 0x20 0x182 0x9d0007 0x691a 0x20 0xaf3 0xa70007 0x740d 0x20 0x0 0xb10007 0x740d 0x20 0x0 0xbb0007 0x7265 0x20 0x1a8 0xc50007 0x7149 0x20 0x2c4 0xcf0007 0x740d 0x20 0x0 0xd90007 0x740d 0x20 0x0 0xe30007 0x740d 0x20 0x0 0xed0007 0x7029 0x20 0x3e4 0xf70007 0x740d 0x50 0x0 0x1000005 0x0 0x0 0x0 0x0 0x0 0x1090005 0x0 0x1834ce30 0x740d 0x0 0x0 0x1140007 0x1102 0xbc8 0x630b 0x12f0007 0x62e5 0x20 0x26 0x1450007 0x6309 0x20 0x2 0x15b0007 0x62e5 0x20 0x26 0x1710007 0x5ce1 0x20 0x62a 0x1870007 0x630b 0x50 0x0 0x1920005 0x0 0x0 0x0 0x0 0x0 0x19d0007 0x630b 0x50 0x0 0x1a80005 0x0 0x0 0x0 0x0 0x0 0x1b30007 0x630b 0x50 0x0 0x1d60005 0x0 0x0 0x0 0x0 0x0 0x1e30005 0x0 0x1834ea10 0x630b 0x0 0x0 0x1e60005 0x0 0x1834ce30 0x630b 0x0 0x0 0x1eb0005 0x0 0x1834ce30 0x630b 0x0 0x0 0x1f40005 0x0 0x1834ce30 0x630b 0x0 0x0 0x1fb0005 0x0 0x1834ce30 0x630b 0x0 0x0 0x2070005 0x0 0x1834ce30 0x630b 0x0 0x0 0x2190005 0x0 0x1834ce30 0x630b 0x0 0x0 0x2220005 0x0 0x1834ce30 0x630b 0x0 0x0 0x22a0007 0x630b 0x118 0x0 0x2350007 0x0 0xf8 0x0 0x2410005 0x0 0x0 0x0 0x0 0x0 0x24c0005 0x0 0x0 0x0 0x0 0x0 0x2570005 0x0 0x0 0x0 0x0 0x0 0x25f0005 0x0 0x0 0x0 0x0 0x0 0x26a0003 0x0 0xffffffffffffff20 0x2740007 0x62e5 0x20 0x26 0x27e0007 0x6309 0x20 0x2 0x2880007 0x62e5 0x20 0x26 0x2920007 0x5ce1 0x20 0x62a 0x29c0007 0x630b 0x20 0x0 0x2a60007 0x630b 0x20 0x0 0x2b00007 0x630b 0x50 0x0 0x2b90005 0x0 0x0 0x0 0x0 0x0 0x2c20005 0x0 0x1834ce30 0x630b 0x0 0x0 0x2ca0007 0x62e5 0x110 0x26 0x2d40005 0x0 0x1834ea10 0x26 0x0 0x0 0x2d70005 0x0 0x1834ce30 0x26 0x0 0x0 0x2e50005 0x0 0x1834ce30 0x26 0x0 0x0 0x2ec0005 0x0 0x1834ce30 0x26 0x0 0x0 0x3000005 0x0 0x1834ce30 0x26 0x0 0x0 0x3080007 0x6309 0x110 0x2 0x3120005 0x0 0x1834ea10 0x2 0x0 0x0 0x3150005 0x0 0x1834ce30 0x2 0x0 0x0 0x3230005 0x0 0x1834ce30 0x2 0x0 0x0 0x32a0005 0x0 0x1834ce30 0x2 0x0 0x0 0x33e0005 0x0 0x1834ce30 0x2 0x0 0x0 0x3460007 0x62e5 0x110 0x26 0x3500005 0x0 0x1834ea10 0x26 0x0 0x0 0x3530005 0x0 0x1834ce30 0x26 0x0 0x0 0x3610005 0x0 0x1834ce30 0x26 0x0 0x0 0x3680005 0x0 0x1834ce30 0x26 0x0 0x0 0x37c0005 0x0 0x1834ce30 0x26 0x0 0x0 0x3840007 0x5ce1 0x180 0x62a 0x3930007 0x623 0x38 0x7 0x3970003 0x7 0x18 0x3a40007 0x623 0x38 0x7 0x3a90003 0x7 0x18 0x3ae0005 0x0 0x1834ea10 0x62a 0x0 0x0 0x3b10005 0x0 0x1834ce30 0x62a 0x0 0x0 0x3bf0005 0x0 0x1834ce30 0x62a 0x0 0x0 0x3c60005 0x0 0x1834ce30 0x62a 0x0 0x0 0x3da0005 0x0 0x1834ce30 0x62a 0x0 0x0 0x3e20007 0x630b 0xb0 0x0 0x3ec0005 0x0 0x0 0x0 0x0 0x0 0x3ef0005 0x0 0x0 0x0 0x0 0x0 0x3f80005 0x0 0x0 0x0 0x0 0x0 0x3ff0007 0x630b 0xb0 0x0 0x4090005 0x0 0x0 0x0 0x0 0x0 0x40c0005 0x0 0x0 0x0 0x0 0x0 0x4150005 0x0 0x0 0x0 0x0 0x0 0x41c0007 0x630b 0x50 0x0 0x43e0005 0x0 0x0 0x0 0x0 0x0 0x4450007 0x6711 0x148 0xcfc 0x44f0005 0x0 0x1834ea10 0xcfc 0x0 0x0 0x4520005 0x0 0x1834ce30 0xcfc 0x0 0x0 0x45d0005 0x0 0x1834ce30 0xcfc 0x0 0x0 0x4660005 0x0 0x1834ce30 0xcfc 0x0 0x0 0x4730007 0xcfc 0x68 0xec6 0x47e0005 0x0 0x1834ce30 0xec6 0x0 0x0 0x4850003 0xec6 0xffffffffffffffb0 0x4900007 0x6a98 0xf0 0x975 0x49f0007 0x0 0x40 0x975 0x4a90007 0x975 0xb0 0x0 0x4b30005 0x0 0x0 0x0 0x0 0x0 0x4b60005 0x0 0x0 0x0 0x0 0x0 0x4ba0005 0x0 0x0 0x0 0x0 0x0 0x4c50007 0x728b 0xb0 0x182 0x4cf0005 0x0 0x1834ea10 0x182 0x0 0x0 0x4d20005 0x0 0x1834ce30 0x182 0x0 0x0 0x4d60005 0x0 0x1834ce30 0x182 0x0 0x0 0x4de0007 0x691a 0x110 0xaf3 0x4e80005 0x0 0x1834ea10 0xaf3 0x0 0x0 0x4eb0005 0x0 0x1834ce30 0xaf3 0x0 0x0 0x4ef0005 0x0 0x1834ce30 0xaf3 0x0 0x0 0x4fa0005 0x0 0x1834ea10 0xaf3 0x0 0x0 0x4fd0005 0x0 0x1834ce30 0xaf3 0x0 0x0 0x5050007 0x740d 0x110 0x0 0x50f0005 0x0 0x0 0x0 0x0 0x0 0x5120005 0x0 0x0 0x0 0x0 0x0 0x5200005 0x0 0x0 0x0 0x0 0x0 0x5270005 0x0 0x0 0x0 0x0 0x0 0x53b0005 0x0 0x0 0x0 0x0 0x0 0x5430007 0x740d 0xe0 0x0 0x54d0005 0x0 0x0 0x0 0x0 0x0 0x5500005 0x0 0x0 0x0 0x0 0x0 0x55c0005 0x0 0x0 0x0 0x0 0x0 0x5700005 0x0 0x0 0x0 0x0 0x0 0x5780007 0x7265 0xb0 0x1a8 0x5820005 0x0 0x1834ea10 0x1a8 0x0 0x0 0x5850005 0x0 0x1834ce30 0x1a8 0x0 0x0 0x58e0005 0x0 0x1834eac0 0x1a8 0x0 0x0 0x5950007 0x7149 0xb0 0x2c4 0x59f0005 0x0 0x1834ea10 0x2c4 0x0 0x0 0x5a20005 0x0 0x1834ce30 0x2c4 0x0 0x0 0x5ab0005 0x0 0x1834eac0 0x2c4 0x0 0x0 0x5b20007 0x740d 0xb0 0x0 0x5bc0005 0x0 0x0 0x0 0x0 0x0 0x5bf0005 0x0 0x0 0x0 0x0 0x0 0x5c80005 0x0 0x0 0x0 0x0 0x0 0x5cf0007 0x740d 0xb0 0x0 0x5d90005 0x0 0x0 0x0 0x0 0x0 0x5dc0005 0x0 0x0 0x0 0x0 0x0 0x5e50005 0x0 0x0 0x0 0x0 0x0 0x5ec0007 0x740d 0x90 0x0 0x5f60005 0x0 0x0 0x0 0x0 0x0 0x5f90005 0x0 0x0 0x0 0x0 0x0 0x6060002 0x0 0x60d0007 0x7029 0x90 0x3e4 0x6170005 0x0 0x1834ea10 0x3e4 0x0 0x0 0x61a0005 0x0 0x1834ce30 0x3e4 0x0 0x0 0x6270002 0x3e4 0x62e0007 0x740d 0x50 0x0 0x63e0005 0x0 0x0 0x0 0x0 0x0 oops 54 2 org/objectweb/asm/ByteVector 8 org/objectweb/asm/ByteVector 14 org/objectweb/asm/ByteVector 100 org/objectweb/asm/ByteVector 156 org/objectweb/asm/ClassWriter 162 org/objectweb/asm/ByteVector 168 org/objectweb/asm/ByteVector 174 org/objectweb/asm/ByteVector 180 org/objectweb/asm/ByteVector 186 org/objectweb/asm/ByteVector 192 org/objectweb/asm/ByteVector 198 org/objectweb/asm/ByteVector 273 org/objectweb/asm/ByteVector 283 org/objectweb/asm/ClassWriter 289 org/objectweb/asm/ByteVector 295 org/objectweb/asm/ByteVector 301 org/objectweb/asm/ByteVector 307 org/objectweb/asm/ByteVector 317 org/objectweb/asm/ClassWriter 323 org/objectweb/asm/ByteVector 329 org/objectweb/asm/ByteVector 335 org/objectweb/asm/ByteVector 341 org/objectweb/asm/ByteVector 351 org/objectweb/asm/ClassWriter 357 org/objectweb/asm/ByteVector 363 org/objectweb/asm/ByteVector 369 org/objectweb/asm/ByteVector 375 org/objectweb/asm/ByteVector 399 org/objectweb/asm/ClassWriter 405 org/objectweb/asm/ByteVector 411 org/objectweb/asm/ByteVector 417 org/objectweb/asm/ByteVector 423 org/objectweb/asm/ByteVector 487 org/objectweb/asm/ClassWriter 493 org/objectweb/asm/ByteVector 499 org/objectweb/asm/ByteVector 505 org/objectweb/asm/ByteVector 515 org/objectweb/asm/ByteVector 558 org/objectweb/asm/ClassWriter 564 org/objectweb/asm/ByteVector 570 org/objectweb/asm/ByteVector 580 org/objectweb/asm/ClassWriter 586 org/objectweb/asm/ByteVector 592 org/objectweb/asm/ByteVector 598 org/objectweb/asm/ClassWriter 604 org/objectweb/asm/ByteVector 676 org/objectweb/asm/ClassWriter 682 org/objectweb/asm/ByteVector 688 org/objectweb/asm/AnnotationWriter 698 org/objectweb/asm/ClassWriter 704 org/objectweb/asm/ByteVector 710 org/objectweb/asm/AnnotationWriter 782 org/objectweb/asm/ClassWriter 788 org/objectweb/asm/ByteVector
ciMethodData org/objectweb/asm/AnnotationWriter put (Lorg/objectweb/asm/ByteVector;)V 2 4542 orig 264 72 34 204 111 0 0 0 0 136 170 247 25 0 0 0 0 128 2 0 0 152 0 0 0 0 0 0 0 0 0 0 0 0 0 0 0 0 0 0 0 0 0 0 0 0 0 0 0 0 0 0 0 0 0 0 0 0 0 0 0 0 0 0 0 0 0 0 0 0 0 0 0 0 0 0 0 0 0 0 0 77 68 79 32 101 120 116 114 97 32 100 97 116 97 32 108 111 99 107 0 0 0 0 0 0 0 0 0 0 0 0 0 0 0 0 0 0 0 0 0 0 0 0 0 0 0 0 0 0 0 0 0 0 0 0 0 0 0 0 0 0 0 0 0 0 0 0 0 0 0 0 0 0 0 0 0 0 0 0 0 0 0 0 0 0 0 0 0 0 0 0 0 0 0 0 0 0 0 0 0 0 0 0 0 0 0 0 0 0 0 0 0 0 0 0 0 0 0 0 0 0 0 0 0 0 0 0 0 0 0 0 0 0 0 0 0 42 0 0 0 209 64 0 0 161 140 0 0 0 0 0 0 0 0 0 0 2 0 0 0 2 0 9 0 2 0 0 0 48 1 0 0 255 255 255 255 7 0 12 0 0 0 0 0 data 38 0xc0007 0x81a 0x68 0x8ca 0x1f0005 0x10f 0x1834eac0 0x7bb 0x0 0x0 0x340003 0x8ca 0xffffffffffffffb0 0x390005 0x0 0x1834ce30 0x81a 0x0 0x0 0x3f0005 0x0 0x1834ce30 0x81a 0x0 0x0 0x490007 0x81a 0x68 0x8ca 0x5e0005 0x0 0x1834ce30 0x8ca 0x0 0x0 0x690003 0x8ca 0xffffffffffffffb0 oops 4 6 org/objectweb/asm/AnnotationWriter 15 org/objectweb/asm/ByteVector 21 org/objectweb/asm/ByteVector 31 org/objectweb/asm/ByteVector
ciMethodData org/objectweb/asm/AnnotationWriter put ([Lorg/objectweb/asm/AnnotationWriter;ILorg/objectweb/asm/ByteVector;)V 1 7130 orig 264 72 34 204 111 0 0 0 0 72 172 247 25 0 0 0 0 144 3 0 0 208 0 0 0 0 0 0 0 0 0 0 0 0 0 0 0 0 0 0 0 0 0 0 0 0 0 0 0 0 0 0 0 0 0 0 0 0 0 0 0 0 0 0 0 0 0 0 0 0 0 0 0 0 0 0 0 0 0 0 0 77 68 79 32 101 120 116 114 97 32 100 97 116 97 32 108 111 99 107 0 0 0 0 0 0 0 0 0 0 0 0 0 0 0 0 0 0 0 0 0 0 0 0 0 0 0 0 0 0 0 0 0 0 0 0 0 0 0 0 0 0 0 0 0 0 0 0 0 0 0 0 0 0 0 0 0 0 0 0 0 0 0 0 0 0 0 0 0 0 0 0 0 0 0 0 0 0 0 0 0 0 0 0 0 0 0 0 0 0 0 0 0 0 0 0 0 0 0 0 0 0 0 0 0 0 0 0 0 0 0 0 0 0 0 0 0 4 0 0 0 9 8 0 0 209 46 0 0 0 0 0 0 0 0 0 0 2 0 0 0 5 0 21 0 2 0 0 0 56 2 0 0 255 255 255 255 7 0 16 0 0 0 0 0 data 71 0x100007 0x101 0xa0 0x1a5 0x180007 0x148 0x38 0x5d 0x1c0003 0x5d 0x48 0x230005 0x148 0x0 0x0 0x0 0x0 0x2b0003 0x1a5 0xffffffffffffff78 0x300005 0x0 0x1834ce30 0x101 0x0 0x0 0x370005 0x0 0x1834ce30 0x101 0x0 0x0 0x420007 0x101 0x138 0x1a5 0x530007 0x1a5 0x68 0x148 0x5b0005 0x148 0x0 0x0 0x0 0x0 0x700003 0x148 0xffffffffffffffb0 0x760005 0x0 0x1834ce30 0x1a5 0x0 0x0 0x800007 0x1a5 0x68 0x148 0x950005 0x0 0x1834ce30 0x148 0x0 0x0 0xa00003 0x148 0xffffffffffffffb0 0xa60003 0x1a5 0xfffffffffffffee0 oops 4 22 org/objectweb/asm/ByteVector 28 org/objectweb/asm/ByteVector 51 org/objectweb/asm/ByteVector 61 org/objectweb/asm/ByteVector
ciMethodData org/objectweb/asm/AnnotationWriter visitEnd ()V 2 8180 orig 264 72 34 204 111 0 0 0 0 88 168 247 25 0 0 0 0 64 1 0 0 0 0 0 0 0 0 0 0 0 0 0 0 0 0 0 0 0 0 0 0 0 0 0 0 0 0 0 0 0 0 0 0 0 0 0 0 0 0 0 0 0 0 0 0 0 0 0 0 0 0 0 0 0 0 0 0 0 0 0 0 77 68 79 32 101 120 116 114 97 32 100 97 116 97 32 108 111 99 107 0 0 0 0 0 0 0 0 0 0 0 0 0 0 0 0 0 0 0 0 0 0 0 0 0 0 0 0 0 0 0 0 0 0 0 0 0 0 0 0 0 0 0 0 0 0 0 0 0 0 0 0 0 0 0 0 0 0 0 0 0 0 0 0 0 0 0 0 0 0 0 0 0 0 0 0 0 0 0 0 0 0 0 0 0 0 0 0 0 0 0 0 0 0 0 0 0 0 0 0 0 0 0 0 0 0 0 0 0 0 0 0 0 0 0 0 0 128 1 0 0 161 243 0 0 1 0 0 0 0 0 0 0 0 0 0 0 2 0 0 0 0 0 6 0 2 0 0 0 32 0 0 0 255 255 255 255 7 0 4 0 0 0 0 0 data 4 0x40007 0x2 0x20 0x1e72 oops 0
instanceKlass com/google/common/collect/Ordering$ArbitraryOrdering$1
instanceKlass com/google/common/collect/Ordering$ArbitraryOrderingHolder
instanceKlass com/google/common/collect/ComparisonChain
instanceKlass org/gradle/api/internal/tasks/compile/Member
instanceKlass org/gradle/api/internal/tasks/compile/ApiClassExtractor
instanceKlass org/gradle/jvm/platform/internal/DefaultJavaPlatform
instanceKlass com/android/build/gradle/tasks/JavaPreCompileTask$$Lambda$316
instanceKlass com/android/build/gradle/tasks/JavaPreCompileTask$$Lambda$315
instanceKlass com/android/build/gradle/internal/dependency/ArtifactCollectionWithExtraArtifact$ExtraComponentIdentifierImpl
instanceKlass com/android/build/gradle/internal/dependency/ArtifactCollectionWithExtraArtifact$ExtraComponentIdentifier
instanceKlass com/android/build/gradle/internal/dependency/ArtifactCollectionWithExtraArtifact$ExtraComponentArtifactIdentifier
instanceKlass org/gradle/api/internal/changedetection/state/ZipTree
instanceKlass org/gradle/api/internal/changedetection/state/ResourceTree
instanceKlass com/google/common/collect/MultimapBuilder$ArrayListSupplier
instanceKlass org/gradle/api/internal/changedetection/state/ClasspathEntrySnapshotBuilder$1
instanceKlass org/gradle/api/internal/changedetection/state/ClasspathEntrySnapshotBuilder
instanceKlass com/google/gson/internal/LinkedTreeMap$LinkedTreeMapIterator
instanceKlass com/android/build/gradle/internal/res/LinkApplicationAndroidResourcesTask$$Lambda$314
instanceKlass com/android/ide/common/xml/ManifestData$KeepClass
instanceKlass com/android/ide/common/xml/ManifestData$Activity
instanceKlass com/android/ide/common/xml/ManifestData
instanceKlass com/android/ide/common/xml/AndroidManifestParser
instanceKlass kotlin/comparisons/ComparisonsKt__ComparisonsKt
instanceKlass com/android/ide/common/symbols/SymbolTable$getSymbolByResourceType$$inlined$compareBy$1
instanceKlass com/android/ide/common/symbols/RGeneration$$Lambda$313
instanceKlass com/android/ide/common/symbols/RGeneration
instanceKlass com/android/ide/common/symbols/SymbolIo$$Lambda$312
instanceKlass com/android/ide/common/symbols/SymbolIo$$Lambda$311
instanceKlass com/android/io/IAbstractFile
instanceKlass com/android/ide/common/symbols/SymbolUtils
instanceKlass com/google/common/collect/Tables$AbstractCell
instanceKlass com/google/common/collect/StandardTable$CellIterator
instanceKlass com/android/ide/common/symbols/SymbolIo$AaptHandler$$Lambda$310
instanceKlass java/util/Comparator$$Lambda$309
instanceKlass com/android/ide/common/symbols/SymbolIo$AaptHandler$$Lambda$308
instanceKlass com/android/ide/common/symbols/Symbol$Companion
instanceKlass com/android/ide/common/symbols/Symbol
instanceKlass com/android/ide/common/symbols/SymbolIo$$Lambda$307
instanceKlass com/google/common/collect/Tables$1
instanceKlass com/google/common/collect/Table$Cell
instanceKlass com/google/common/collect/RowSortedTable
instanceKlass com/google/common/collect/Tables
instanceKlass com/android/ide/common/symbols/SymbolTable$Builder$symbols$1
instanceKlass com/android/ide/common/symbols/SymbolTable$Builder
instanceKlass com/android/ide/common/symbols/SymbolTable$Companion
instanceKlass com/android/ide/common/symbols/SymbolTable
instanceKlass com/android/ide/common/symbols/SymbolIo$$Lambda$306
instanceKlass com/android/ide/common/symbols/SymbolIo$LineReader
instanceKlass com/android/ide/common/symbols/SymbolIo$SymbolData
instanceKlass com/android/ide/common/symbols/SymbolIo$SymbolFilter
instanceKlass com/android/ide/common/symbols/SymbolIo$$Lambda$305
instanceKlass com/android/ide/common/symbols/SymbolIo$BaseHandler
instanceKlass com/android/ide/common/symbols/SymbolIo$StyleableIndexHandler
instanceKlass com/android/ide/common/symbols/SymbolIo
instanceKlass com/android/builder/internal/aapt/AaptUtils$$Lambda$304
instanceKlass java/util/function/Predicate$$Lambda$303
instanceKlass com/android/builder/internal/aapt/AaptUtils$$Lambda$302
instanceKlass com/android/builder/internal/aapt/AaptUtils$$Lambda$301
instanceKlass com/android/builder/internal/aapt/AaptUtils
instanceKlass java/util/stream/ForEachOps$ForEachOp
instanceKlass java/util/stream/ForEachOps
instanceKlass com/android/builder/internal/aapt/v2/AaptV2CommandBuilder$$Lambda$300
instanceKlass com/android/builder/internal/aapt/v2/AaptV2CommandBuilder$$Lambda$299
instanceKlass java/nio/file/Files$$Lambda$298
instanceKlass java/nio/file/Files$$Lambda$297
instanceKlass java/nio/file/FileTreeIterator
instanceKlass com/android/builder/internal/aapt/v2/AaptV2CommandBuilder$$Lambda$296
instanceKlass com/android/builder/internal/aapt/v2/QueueableAapt2$$Lambda$295
instanceKlass com/android/builder/internal/aapt/v2/Aapt2QueuedResourceProcessor$$Lambda$294
instanceKlass com/android/builder/internal/aapt/v2/Aapt2QueuedResourceProcessor$2
instanceKlass com/android/builder/internal/aapt/AaptPackageConfig
instanceKlass com/android/builder/internal/aapt/AaptPackageConfig$Builder
instanceKlass com/android/build/gradle/internal/scope/SplitList$Record$$Lambda$293
instanceKlass com/android/build/gradle/internal/scope/SplitList$$Lambda$292
instanceKlass java/util/Collections$2
instanceKlass com/android/build/gradle/internal/res/LinkApplicationAndroidResourcesTask$$Lambda$291
instanceKlass com/android/build/gradle/internal/scope/SplitList$Record
instanceKlass org/apache/commons/io/IOUtils
instanceKlass org/apache/commons/io/Charsets
instanceKlass org/apache/commons/io/filefilter/IOFileFilter
instanceKlass org/apache/commons/io/FileUtils
instanceKlass sun/nio/fs/WindowsPath$1
instanceKlass com/google/gson/internal/LinkedTreeMap$Node
instanceKlass com/google/gson/internal/LinkedTreeMap$1
instanceKlass com/android/ide/common/build/ApkInfo$DefaultApkInfo
instanceKlass kotlin/text/StringsKt__IndentKt
instanceKlass java/util/Collections$CheckedMap
instanceKlass java/util/Collections$CheckedCollection
instanceKlass com/google/gson/internal/Streams
instanceKlass com/android/builder/core/AndroidBuilder$1
instanceKlass com/android/manifmerger/MergingReport
instanceKlass com/google/common/io/CharStreams
instanceKlass com/google/common/io/LineBuffer
instanceKlass com/google/common/io/LineReader
instanceKlass com/google/common/collect/AbstractMapBasedMultimap$AsMap$AsMapIterator
instanceKlass com/google/common/collect/Multimaps
instanceKlass com/google/common/collect/MultimapBuilder$ArrayListSupplier
instanceKlass com/google/common/collect/MultimapBuilder$MultimapBuilderWithKeys
instanceKlass com/google/common/collect/MultimapBuilder
instanceKlass com/google/common/collect/ImmutableMultimap$Builder
instanceKlass com/android/ide/common/xml/XmlAttributeSortOrder$3
instanceKlass com/android/ide/common/xml/XmlPrettyPrinter
instanceKlass com/android/ide/common/xml/XmlAttributeSortOrder$2
instanceKlass com/android/ide/common/xml/XmlAttributeSortOrder$1
instanceKlass com/android/ide/common/xml/XmlFormatPreferences
instanceKlass com/android/manifmerger/ToolsInstructionsCleaner
instanceKlass com/android/manifmerger/PostValidator$1
instanceKlass com/android/manifmerger/Actions
instanceKlass com/android/manifmerger/PostValidator
instanceKlass java/util/TreeMap$NavigableSubMap$SubMapIterator
instanceKlass java/util/Collections$ReverseComparator
instanceKlass com/android/manifmerger/ElementsTrimmer
instanceKlass com/android/manifmerger/NavGraphExpander
instanceKlass com/android/manifmerger/XmlElement$1
instanceKlass com/android/manifmerger/PreValidator
instanceKlass com/sun/org/apache/xerces/internal/dom/DeepNodeListImpl
instanceKlass java/util/AbstractList$1
instanceKlass org/w3c/dom/Comment
instanceKlass kotlin/_Assertions
instanceKlass com/android/manifmerger/ActionRecorder$$Lambda$290
instanceKlass com/android/manifmerger/ConvertibleName
instanceKlass com/android/manifmerger/Actions$Record
instanceKlass com/android/manifmerger/ActionRecorder$$Lambda$289
instanceKlass com/android/manifmerger/Actions$DecisionTreeRecord
instanceKlass com/android/manifmerger/XmlNode$NodeKey
instanceKlass com/android/manifmerger/XmlNode$Name
instanceKlass com/android/manifmerger/AttributeModel$Hexadecimal32Bits
instanceKlass com/android/manifmerger/ManifestModel$TwoAttributesBasedKeyResolver
instanceKlass com/android/manifmerger/AttributeModel$SeparatedValuesValidator
instanceKlass com/android/manifmerger/IntentFilterNodeKeyResolver
instanceKlass com/android/manifmerger/XmlNode$NamespaceAwareName
instanceKlass com/android/manifmerger/AttributeModel$3
instanceKlass com/android/manifmerger/AttributeModel$2
instanceKlass com/android/manifmerger/AttributeModel$1
instanceKlass com/android/manifmerger/AttributeModel$MergingPolicy
instanceKlass com/android/manifmerger/AttributeModel
instanceKlass com/android/manifmerger/AttributeModel$Builder
instanceKlass com/android/manifmerger/AttributeModel$BooleanValidator
instanceKlass com/android/manifmerger/ManifestModel$1
instanceKlass com/android/manifmerger/ManifestModel$NoKeyNodeResolver
instanceKlass com/android/manifmerger/ManifestModel$AttributeBasedNodeKeyResolver
instanceKlass com/android/manifmerger/ManifestModel
instanceKlass com/android/manifmerger/AttributeModel$Validator
instanceKlass com/android/manifmerger/NodeKeyResolver
instanceKlass com/android/manifmerger/XmlNode$1
instanceKlass com/android/manifmerger/XmlNode$NodeName
instanceKlass com/android/manifmerger/XmlNode
instanceKlass com/android/manifmerger/XmlDocument
instanceKlass com/android/utils/PositionXmlParser$Position
instanceKlass com/sun/org/apache/xerces/internal/util/EntityResolver2Wrapper
instanceKlass com/sun/org/apache/xerces/internal/dom/ParentNode$UserDataRecord
instanceKlass org/xml/sax/ext/DeclHandler
instanceKlass org/xml/sax/ext/LexicalHandler
instanceKlass com/android/utils/PositionXmlParser
instanceKlass com/android/manifmerger/XmlLoader
instanceKlass com/android/manifmerger/ManifestMerger2$SelectorResolver
instanceKlass com/android/manifmerger/ActionRecorder
instanceKlass com/android/manifmerger/MergingReport$Builder
instanceKlass com/android/manifmerger/ManifestMerger2$MapBasedKeyBasedValueResolver
instanceKlass com/android/manifmerger/ManifestMerger2$FileStreamProvider
instanceKlass com/android/manifmerger/ManifestMerger2$AutoAddingProperty
instanceKlass com/android/manifmerger/ManifestMerger2$Invoker
instanceKlass com/android/manifmerger/PlaceholderHandler$KeyBasedValueResolver
instanceKlass com/android/manifmerger/ManifestMerger2$ManifestInfo
instanceKlass com/android/manifmerger/KeyResolver
instanceKlass com/android/manifmerger/ManifestMerger2
instanceKlass com/android/build/gradle/tasks/MergeManifests$ConfigAction$ManifestProviderImpl
instanceKlass com/android/manifmerger/ManifestProvider
instanceKlass kotlin/collections/EmptyIterator
instanceKlass kotlin/io/CloseableKt
instanceKlass kotlin/sequences/FilteringSequence$iterator$1
instanceKlass kotlin/sequences/TransformingSequence$iterator$1
instanceKlass kotlin/sequences/TransformingSequence
instanceKlass kotlin/sequences/FilteringSequence
instanceKlass kotlin/sequences/SequencesKt__SequencesKt
instanceKlass kotlin/collections/CollectionsKt___CollectionsKt$asSequence$$inlined$Sequence$1
instanceKlass kotlin/sequences/Sequence
instanceKlass com/google/gson/internal/ConstructorConstructor$13
instanceKlass java/util/concurrent/ConcurrentNavigableMap
instanceKlass com/google/gson/internal/UnsafeAllocator
instanceKlass com/google/gson/internal/ConstructorConstructor$14
instanceKlass com/google/gson/internal/$Gson$Types$WildcardTypeImpl
instanceKlass com/android/build/gradle/tasks/MergeManifests$$Lambda$288
instanceKlass com/android/build/gradle/tasks/MergeManifests$$Lambda$287
instanceKlass com/android/build/gradle/tasks/ManifestProcessorTask$$Lambda$286
instanceKlass com/android/build/gradle/tasks/MergeManifests$$Lambda$285
instanceKlass com/android/builder/tasks/WorkQueue$$Lambda$284
instanceKlass com/google/common/io/CharSink
instanceKlass com/android/utils/XmlUtils$PositionAwareStringBuilder
instanceKlass com/android/ide/common/blame/MergingLogPersistUtil$SourcePositionsSerializer
instanceKlass com/android/ide/common/blame/MergingLogPersistUtil$$Lambda$283
instanceKlass java/util/concurrent/ConcurrentHashMap$MapEntry
instanceKlass com/google/common/cache/LocalCache$WriteThroughEntry
instanceKlass com/google/common/cache/LocalCache$HashIterator
instanceKlass com/android/builder/internal/aapt/AaptQueueThreadContext$$Lambda$282
instanceKlass com/google/common/base/MoreObjects$ToStringHelper$ValueHolder
instanceKlass com/google/common/base/MoreObjects$ToStringHelper
instanceKlass com/android/builder/internal/aapt/v2/AaptV2CommandBuilder
instanceKlass com/android/builder/internal/aapt/v2/Aapt2DaemonUtil
instanceKlass com/android/builder/png/AaptProcess$NotifierProcessOutput
instanceKlass com/android/builder/tasks/JobContext
instanceKlass com/android/utils/GrabProcessOutput
instanceKlass com/android/builder/tasks/BooleanLatch
instanceKlass com/android/builder/png/AaptProcess$ProcessOutputFacade
instanceKlass com/android/utils/GrabProcessOutput$IProcessOutput
instanceKlass com/android/builder/png/AaptProcess
instanceKlass java/lang/ProcessImpl$2
instanceKlass java/lang/ProcessBuilder
instanceKlass com/android/builder/png/AaptProcess$Builder
instanceKlass com/android/builder/internal/aapt/v2/QueueableAapt2$$Lambda$281
instanceKlass com/android/builder/tasks/WorkQueue$$Lambda$280
instanceKlass com/android/builder/tasks/WorkQueue$QueueTask
instanceKlass com/android/builder/internal/aapt/v2/Aapt2QueuedResourceProcessor$$Lambda$279
instanceKlass com/android/builder/internal/aapt/v2/Aapt2QueuedResourceProcessor$1
instanceKlass com/android/ide/common/blame/MergingLogPersistUtil$$Lambda$278
instanceKlass com/android/ide/common/blame/SourceFileJsonTypeAdapter$1
instanceKlass com/android/ide/common/blame/MergingLogPersistUtil
instanceKlass com/android/builder/internal/aapt/v2/Aapt2RenamingConventions
instanceKlass com/android/ide/common/res2/CompileResourceRequest
instanceKlass com/android/ide/common/res2/MergedResourceWriter$2
instanceKlass com/google/common/collect/LinkedListMultimap$NodeIterator
instanceKlass com/google/common/collect/HashBasedTable$Factory
instanceKlass java/util/concurrent/ConcurrentLinkedDeque$Node
instanceKlass com/android/ide/common/res2/MergeWriter
instanceKlass com/android/builder/tasks/WorkQueue
instanceKlass com/android/builder/internal/aapt/AaptQueueThreadContext
instanceKlass com/android/builder/internal/aapt/v2/Aapt2QueuedResourceProcessor$Builder
instanceKlass com/android/builder/tasks/Job
instanceKlass com/android/builder/tasks/Task
instanceKlass com/android/builder/tasks/QueueThreadContext
instanceKlass com/android/builder/internal/aapt/QueuedResourceProcessor
instanceKlass com/android/ide/common/internal/ResourceProcessor
instanceKlass com/android/build/gradle/internal/aapt/AaptGradleFactory$FilteringLogger
instanceKlass com/android/builder/internal/aapt/AbstractAapt
instanceKlass com/android/build/gradle/internal/aapt/AaptGradleFactory$1
instanceKlass com/android/build/gradle/internal/aapt/AaptGradleFactory
instanceKlass com/android/build/gradle/tasks/MergeResources$$Lambda$277
instanceKlass com/android/ide/common/blame/MergingLogRewriter
instanceKlass com/android/ide/common/blame/parser/ToolOutputParser
instanceKlass com/android/ide/common/process/BaseProcessOutputHandler
instanceKlass com/android/ide/common/blame/parser/aapt/AbstractAaptOutputParser
instanceKlass com/android/ide/common/blame/parser/aapt/Aapt2OutputParser
instanceKlass com/android/ide/common/res2/ResourceSet$1
instanceKlass com/android/ide/common/res2/ResourceSet$FolderData
instanceKlass com/android/ide/common/res2/DataSet$1
instanceKlass org/gradle/api/internal/artifacts/result/DefaultResolvedVariantResult
instanceKlass org/gradle/api/artifacts/result/ResolvedVariantResult
instanceKlass org/gradle/api/internal/artifacts/result/DefaultResolvedArtifactResult
instanceKlass org/gradle/api/internal/artifacts/ivyservice/ResolvedArtifactCollectingVisitor
instanceKlass com/google/common/collect/LinkedListMultimap$ValueForKeyIterator
instanceKlass com/google/common/collect/LinkedListMultimap$DistinctKeyIterator
instanceKlass com/google/common/collect/Multimaps$AsMap$EntrySet$1
instanceKlass com/android/resources/FolderTypeRelationship
instanceKlass com/sun/org/apache/xerces/internal/dom/CharacterDataImpl$1
instanceKlass org/w3c/dom/Text
instanceKlass org/w3c/dom/CharacterData
instanceKlass com/android/ide/common/res2/ValueResourceNameValidator
instanceKlass com/android/ide/common/res2/ValueResourceParser2
instanceKlass com/google/common/collect/LinkedListMultimap$KeyList
instanceKlass com/android/ide/common/rendering/api/ResourceReference
instanceKlass com/android/utils/SdkUtils
instanceKlass com/android/ide/common/res2/FileResourceNameValidator
instanceKlass com/android/ide/common/resources/configuration/FolderConfiguration
instanceKlass com/android/ide/common/res2/NoOpResourcePreprocessor
instanceKlass com/android/ide/common/res2/DataFile
instanceKlass com/android/ide/common/res2/NodeUtils
instanceKlass com/sun/org/apache/xerces/internal/dom/NamedNodeMapImpl
instanceKlass com/sun/org/apache/xerces/internal/dom/DeferredDocumentImpl$RefCount
instanceKlass com/sun/org/apache/xerces/internal/dom/NodeListCache
instanceKlass org/w3c/dom/DocumentType
instanceKlass com/sun/org/apache/xerces/internal/dom/NodeImpl
instanceKlass org/w3c/dom/events/EventTarget
instanceKlass org/w3c/dom/ranges/DocumentRange
instanceKlass org/w3c/dom/events/DocumentEvent
instanceKlass org/w3c/dom/traversal/DocumentTraversal
instanceKlass com/sun/org/apache/xerces/internal/dom/DeferredNode
instanceKlass javax/xml/parsers/DocumentBuilder
instanceKlass com/google/common/io/ByteArrayDataInput
instanceKlass com/google/common/io/ByteArrayDataOutput
instanceKlass com/google/common/io/ByteStreams
instanceKlass com/google/common/io/Closer$SuppressingSuppressor
instanceKlass com/google/common/io/Closer$Suppressor
instanceKlass com/google/common/io/Closer
instanceKlass com/google/common/io/CharSource
instanceKlass javax/xml/parsers/DocumentBuilderFactory
instanceKlass com/android/ide/common/res2/DataItem
instanceKlass com/android/ide/common/resources/configuration/Configurable
instanceKlass com/android/ide/common/res2/DataMerger
instanceKlass com/android/build/gradle/internal/LoggerWrapper$LoggerSupplier
instanceKlass com/android/ide/common/resources/configuration/ResourceQualifier
instanceKlass com/android/builder/png/VectorDrawableRenderer
instanceKlass com/android/build/gradle/tasks/MergeResources$$Lambda$276
instanceKlass com/android/build/gradle/internal/tasks/IncrementalTask$$Lambda$275
instanceKlass com/android/build/gradle/internal/tasks/IncrementalTask$$Lambda$274
instanceKlass org/gradle/api/internal/changedetection/changes/StatefulIncrementalTaskInputs
instanceKlass org/gradle/api/internal/changedetection/changes/IncrementalTaskInputsInternal
instanceKlass org/gradle/api/internal/changedetection/changes/DiscoveredInputRecorder
instanceKlass org/gradle/api/internal/tasks/execution/ExecuteActionsTaskExecuter$1
instanceKlass org/gradle/internal/logging/compatbridge/LoggingManagerInternalCompatibilityBridge
instanceKlass org/gradle/api/internal/tasks/execution/OutputDirectoryCreatingTaskExecuter$1
instanceKlass org/gradle/api/internal/changedetection/rules/FileChange
instanceKlass org/gradle/cache/internal/btree/BTreePersistentIndexedCache$DataBlockUpdateResult
instanceKlass org/gradle/cache/internal/DefaultMultiProcessSafePersistentIndexedCache$2
instanceKlass org/gradle/cache/internal/AsyncCacheAccessDecoratedCache$2
instanceKlass com/google/common/cache/RemovalNotification
instanceKlass org/gradle/api/internal/changedetection/state/SetValueSnapshot
instanceKlass com/android/build/gradle/tasks/MergeResources$ConfigAction$$Lambda$273
instanceKlass com/android/build/gradle/tasks/MergeResources$$Lambda$272
instanceKlass com/android/build/gradle/internal/scope/OutputFactory$1
instanceKlass org/gradle/api/internal/artifacts/ivyservice/ShortCircuitEmptyConfigurationResolver$EmptyResolvedConfiguration
instanceKlass org/gradle/api/internal/changedetection/state/ListValueSnapshot
instanceKlass org/gradle/api/internal/changedetection/state/MissingFileSnapshot
instanceKlass com/android/build/gradle/internal/core/VariantConfiguration$$Lambda$271
instanceKlass org/gradle/api/internal/changedetection/state/NullValueSnapshot
instanceKlass com/android/build/gradle/internal/core/VariantConfiguration$$Lambda$270
instanceKlass org/gradle/api/internal/tasks/execution/statistics/TaskExecutionStatisticsEventAdapter$1
instanceKlass org/gradle/api/internal/changedetection/state/OrderInsensitiveTaskFilePropertyCompareStrategy$IncrementalFileSnapshotWithAbsolutePath
instanceKlass com/google/common/collect/MultimapBuilder$MultimapBuilderWithKeys
instanceKlass com/google/common/collect/MultimapBuilder
instanceKlass org/gradle/api/internal/changedetection/rules/AbstractNamedFileSnapshotTaskStateChanges$2
instanceKlass org/gradle/util/DiffUtil
instanceKlass org/gradle/api/internal/changedetection/rules/AbstractNamedFileSnapshotTaskStateChanges$1
instanceKlass org/gradle/api/internal/changedetection/rules/SummaryTaskStateChanges
instanceKlass org/gradle/api/internal/changedetection/rules/DiscoveredInputsTaskStateChanges
instanceKlass org/gradle/api/internal/changedetection/rules/ErrorHandlingTaskStateChanges
instanceKlass org/gradle/api/internal/changedetection/rules/CachingTaskStateChanges
instanceKlass org/gradle/util/ChangeListener
instanceKlass org/gradle/api/internal/changedetection/rules/AbstractNamedFileSnapshotTaskStateChanges
instanceKlass org/gradle/api/internal/changedetection/rules/DescriptiveChange
instanceKlass org/gradle/api/internal/changedetection/rules/TaskStateChange
instanceKlass org/gradle/api/internal/changedetection/rules/PreviousSuccessTaskStateChanges
instanceKlass org/gradle/api/internal/changedetection/rules/SimpleTaskStateChanges
instanceKlass org/gradle/api/internal/changedetection/rules/TaskStateChanges
instanceKlass org/gradle/api/internal/changedetection/rules/TaskUpToDateState
instanceKlass org/gradle/api/internal/OverlappingOutputs
instanceKlass com/google/common/collect/SortedLists
instanceKlass org/gradle/api/internal/changedetection/state/OutputPathNormalizationStrategy
instanceKlass org/gradle/api/internal/artifacts/transform/DefaultArtifactTransforms$ArtifactTransformingVisitor
instanceKlass org/gradle/api/internal/changedetection/state/DirectoryTreeDetails
instanceKlass org/gradle/api/tasks/util/internal/CachingPatternSpecFactory$CachingSpec$1
instanceKlass org/gradle/api/tasks/util/internal/CachingPatternSpecFactory$CacheKey
instanceKlass org/gradle/api/internal/changedetection/state/DefaultFileSystemSnapshotter$FileVisitorImpl
instanceKlass org/gradle/api/internal/changedetection/state/DefaultFileSystemSnapshotter$4
instanceKlass org/gradle/api/internal/changedetection/state/DirectoryFileSnapshot
instanceKlass org/gradle/api/internal/artifacts/transform/DefaultTransformedFileCache$1$1
instanceKlass org/gradle/api/internal/artifacts/transform/DefaultTransformedFileCache$1
instanceKlass org/gradle/api/internal/changedetection/state/DefaultFileSystemSnapshotter$HashBackedSnapshot
instanceKlass org/gradle/api/internal/changedetection/state/DefaultFileSystemSnapshotter$2
instanceKlass org/gradle/api/internal/artifacts/transform/DefaultArtifactTransforms$TransformArtifactOperation
instanceKlass org/gradle/api/internal/artifacts/transform/DefaultArtifactTransforms$ConsumerProvidedResolvedVariant$TransformingResult
instanceKlass org/gradle/api/internal/artifacts/transform/DefaultArtifactTransforms$ConsumerProvidedResolvedVariant$TransformingAsyncArtifactListener
instanceKlass org/gradle/api/internal/file/AbstractFileTreeElement
instanceKlass java/nio/file/Files$3
instanceKlass java/nio/file/FileTreeWalker$Event
instanceKlass java/nio/file/FileTreeWalker$DirectoryNode
instanceKlass java/util/ArrayDeque$DeqIterator
instanceKlass java/nio/file/FileTreeWalker$1
instanceKlass java/nio/file/FileTreeWalker
instanceKlass org/gradle/api/internal/file/collections/jdk7/Jdk7DirectoryWalker$1
instanceKlass org/gradle/api/file/ReproducibleFileVisitor
instanceKlass org/gradle/api/internal/file/pattern/AnythingMatcher
instanceKlass org/gradle/api/internal/file/pattern/FixedPatternStep
instanceKlass org/gradle/api/internal/file/pattern/HasPrefixPatternStep
instanceKlass org/gradle/api/internal/file/pattern/HasPrefixAndSuffixPatternStep
instanceKlass org/gradle/api/internal/file/pattern/GreedyPathMatcher
instanceKlass org/apache/tools/ant/util/SymbolicLinkUtils
instanceKlass org/apache/tools/ant/util/FileUtils
instanceKlass org/apache/tools/ant/taskdefs/condition/Os
instanceKlass org/apache/tools/ant/DirectoryScanner
instanceKlass org/apache/tools/ant/types/selectors/SelectorScanner
instanceKlass org/apache/tools/ant/FileScanner
instanceKlass org/gradle/api/tasks/util/internal/CachingPatternSpecFactory$CachingSpec
instanceKlass org/gradle/api/internal/file/RelativePathSpec
instanceKlass org/gradle/api/internal/file/pattern/PatternMatcherFactory$PathMatcherBackedSpec
instanceKlass org/gradle/api/internal/file/pattern/HasSuffixPatternStep
instanceKlass org/gradle/api/internal/file/pattern/AnyWildcardPatternStep
instanceKlass org/gradle/api/internal/file/pattern/PatternStep
instanceKlass org/gradle/api/internal/file/pattern/PatternStepFactory
instanceKlass org/gradle/api/internal/file/pattern/FixedStepPathMatcher
instanceKlass org/gradle/api/internal/file/pattern/EndOfPathMatcher
instanceKlass org/gradle/api/internal/file/pattern/PathMatcher
instanceKlass org/gradle/api/internal/file/pattern/PatternMatcherFactory
instanceKlass org/gradle/api/tasks/util/internal/CachingPatternSpecFactory$1
instanceKlass org/gradle/api/tasks/util/internal/CachingPatternSpecFactory$SpecKey
instanceKlass org/gradle/api/file/EmptyFileVisitor
instanceKlass org/gradle/api/internal/file/collections/AbstractDirectoryWalker
instanceKlass java/nio/file/FileVisitor
instanceKlass org/gradle/api/internal/file/collections/jdk7/Jdk7DirectoryWalker
instanceKlass org/gradle/api/internal/file/collections/DefaultDirectoryWalkerFactory
instanceKlass org/gradle/api/internal/file/collections/DirectoryWalker
instanceKlass org/gradle/api/internal/artifacts/transform/DefaultArtifactTransforms$ConsumerProvidedResolvedVariant
instanceKlass org/gradle/api/internal/artifacts/transform/VariantAttributeMatchingCache$1
instanceKlass org/gradle/api/internal/artifacts/transform/ConsumerVariantMatchResult$ConsumerVariant
instanceKlass org/gradle/api/internal/artifacts/transform/VariantAttributeMatchingCache$AttributeSpecificCache
instanceKlass org/gradle/api/internal/artifacts/transform/ConsumerVariantMatchResult
instanceKlass org/gradle/internal/component/model/DefaultCompatibilityCheckResult
instanceKlass org/gradle/api/internal/attributes/AttributeValue$1
instanceKlass org/gradle/internal/component/model/ComponentAttributeMatcher$MatchDetails
